[debug] [2019-06-13T13:02:03.491Z] ----------------------------------------------------------------------
[debug] [2019-06-13T13:02:03.494Z] Command:       C:\Program Files\nodejs\node.exe C:\Users\Bilal Irfan\AppData\Roaming\npm\node_modules\firebase-tools\lib\bin\firebase.js init
[debug] [2019-06-13T13:02:03.494Z] CLI Version:   7.0.0
[debug] [2019-06-13T13:02:03.494Z] Platform:      win32
[debug] [2019-06-13T13:02:03.494Z] Node Version:  v10.15.3
[debug] [2019-06-13T13:02:03.496Z] Time:          Thu Jun 13 2019 18:02:03 GMT+0500 (Pakistan Standard Time)
[debug] [2019-06-13T13:02:03.496Z] ----------------------------------------------------------------------
[debug] 
[debug] [2019-06-13T13:02:03.510Z] > command requires scopes: ["email","openid","https://www.googleapis.com/auth/cloudplatformprojects.readonly","https://www.googleapis.com/auth/firebase","https://www.googleapis.com/auth/cloud-platform"]
[debug] [2019-06-13T13:02:03.511Z] > authorizing via signed-in user
[info] 
     ######## #### ########  ######## ########     ###     ######  ########
     ##        ##  ##     ## ##       ##     ##  ##   ##  ##       ##
     ######    ##  ########  ######   ########  #########  ######  ######
     ##        ##  ##    ##  ##       ##     ## ##     ##       ## ##
     ##       #### ##     ## ######## ########  ##     ##  ######  ########

You're about to initialize a Firebase project in this directory:

  H:\Projects\react-dnd-example

Before we get started, keep in mind:

  * You are initializing in an existing Firebase project directory

[debug] [2019-06-13T13:17:09.230Z] Error: kill ENOSYS
    at process.kill (internal/process/per_thread.js:198:13)
    at process.listener (C:\Users\Bilal Irfan\AppData\Roaming\npm\node_modules\firebase-tools\node_modules\signal-exit\index.js:95:15)
    at process.emit (events.js:189:13)
[error] 
[error] Error: An unexpected error has occurred.
