[1029/131730.183:ERROR:process_reader_win.cc(242)] ReadMemory at 0x7fefc371ce8 of 28 bytes failed: Only part of a ReadProcessMemory or WriteProcessMemory request was completed. (0x12B)
[1029/131730.204:WARNING:pe_image_reader.cc(137)] could not read data directory from C:\Windows\system32\USERENV.dll
[1029/131730.204:ERROR:process_reader_win.cc(242)] ReadMemory at 0x7fefa750000 of 64 bytes failed: Only part of a ReadProcessMemory or WriteProcessMemory request was completed. (0x12B)
[1029/131730.204:WARNING:pe_image_reader.cc(281)] could not read dos header from C:\Windows\system32\webio.dll
[1029/131730.204:ERROR:process_reader_win.cc(242)] ReadMemory at 0x7fefa7c0000 of 64 bytes failed: Only part of a ReadProcessMemory or WriteProcessMemory request was completed. (0x12B)
[1029/131730.204:WARNING:pe_image_reader.cc(281)] could not read dos header from C:\Windows\system32\WINHTTP.dll
[1029/131730.204:ERROR:process_reader_win.cc(242)] ReadMemory at 0x7fefd810000 of 64 bytes failed: Only part of a ReadProcessMemory or WriteProcessMemory request was completed. (0x12B)
[1029/131730.204:WARNING:pe_image_reader.cc(281)] could not read dos header from C:\Windows\system32\MSCTF.dll
[1029/131730.204:ERROR:process_reader_win.cc(242)] ReadMemory at 0x7feff050000 of 64 bytes failed: Only part of a ReadProcessMemory or WriteProcessMemory request was completed. (0x12B)
[1029/131730.204:WARNING:pe_image_reader.cc(281)] could not read dos header from C:\Windows\system32\IMM32.DLL
[1029/131730.204:ERROR:process_reader_win.cc(242)] ReadMemory at 0x7fefd920000 of 64 bytes failed: Only part of a ReadProcessMemory or WriteProcessMemory request was completed. (0x12B)
[1029/131730.205:WARNING:pe_image_reader.cc(281)] could not read dos header from C:\Windows\system32\ole32.dll
[1029/131730.205:ERROR:process_reader_win.cc(242)] ReadMemory at 0x7fefe1e0000 of 64 bytes failed: Only part of a ReadProcessMemory or WriteProcessMemory request was completed. (0x12B)
[1029/131730.205:WARNING:pe_image_reader.cc(281)] could not read dos header from C:\Windows\system32\OLEAUT32.dll
[1029/131730.205:ERROR:process_reader_win.cc(242)] ReadMemory at 0x7fefe010000 of 64 bytes failed: Only part of a ReadProcessMemory or WriteProcessMemory request was completed. (0x12B)
[1029/131730.205:WARNING:pe_image_reader.cc(281)] could not read dos header from C:\Windows\system32\NSI.dll
[1029/131730.205:ERROR:process_reader_win.cc(242)] ReadMemory at 0x7fefe020000 of 64 bytes failed: Only part of a ReadProcessMemory or WriteProcessMemory request was completed. (0x12B)
[1029/131730.205:WARNING:pe_image_reader.cc(281)] could not read dos header from C:\Windows\system32\WS2_32.dll
[1029/131730.205:ERROR:process_reader_win.cc(242)] ReadMemory at 0x7fefd0b0000 of 64 bytes failed: Only part of a ReadProcessMemory or WriteProcessMemory request was completed. (0x12B)
[1029/131730.205:WARNING:pe_image_reader.cc(281)] could not read dos header from C:\Windows\system32\MSASN1.dll
[1029/131730.205:ERROR:process_reader_win.cc(242)] ReadMemory at 0x7fefd0c0000 of 64 bytes failed: Only part of a ReadProcessMemory or WriteProcessMemory request was completed. (0x12B)
[1029/131730.205:WARNING:pe_image_reader.cc(281)] could not read dos header from C:\Windows\system32\CRYPT32.dll
[1029/131730.205:ERROR:process_reader_win.cc(242)] ReadMemory at 0x7fefd230000 of 64 bytes failed: Only part of a ReadProcessMemory or WriteProcessMemory request was completed. (0x12B)
[1029/131730.205:WARNING:pe_image_reader.cc(281)] could not read dos header from C:\Windows\system32\WINTRUST.dll
[1029/131730.205:ERROR:process_reader_win.cc(242)] ReadMemory at 0x7fefb600000 of 64 bytes failed: Only part of a ReadProcessMemory or WriteProcessMemory request was completed. (0x12B)
[1029/131730.205:WARNING:pe_image_reader.cc(281)] could not read dos header from C:\Windows\WinSxS\amd64_microsoft.windows.common-controls_6595b64144ccf1df_6.0.7601.17514_none_fa396087175ac9ac\COMCTL32.dll
[1029/131730.205:ERROR:process_reader_win.cc(242)] ReadMemory at 0x7fefe120000 of 64 bytes failed: Only part of a ReadProcessMemory or WriteProcessMemory request was completed. (0x12B)
[1029/131730.205:WARNING:pe_image_reader.cc(281)] could not read dos header from C:\Windows\system32\COMDLG32.dll
[1029/131730.205:ERROR:process_reader_win.cc(242)] ReadMemory at 0x7fef2060000 of 64 bytes failed: Only part of a ReadProcessMemory or WriteProcessMemory request was completed. (0x12B)
[1029/131730.205:WARNING:pe_image_reader.cc(281)] could not read dos header from C:\Windows\system32\dbghelp.dll
[1029/131730.205:ERROR:process_reader_win.cc(242)] ReadMemory at 0x7fefa4a0000 of 64 bytes failed: Only part of a ReadProcessMemory or WriteProcessMemory request was completed. (0x12B)
[1029/131730.206:WARNING:pe_image_reader.cc(281)] could not read dos header from C:\Windows\system32\WINSPOOL.DRV
[1029/131730.206:ERROR:process_reader_win.cc(242)] ReadMemory at 0x7fefb4b0000 of 64 bytes failed: Only part of a ReadProcessMemory or WriteProcessMemory request was completed. (0x12B)
[1029/131730.206:WARNING:pe_image_reader.cc(281)] could not read dos header from C:\Windows\system32\WINNSI.DLL
[1029/131730.206:ERROR:process_reader_win.cc(242)] ReadMemory at 0x7fefb4c0000 of 64 bytes failed: Only part of a ReadProcessMemory or WriteProcessMemory request was completed. (0x12B)
[1029/131730.206:WARNING:pe_image_reader.cc(281)] could not read dos header from C:\Windows\system32\IPHLPAPI.DLL
[1029/131730.206:ERROR:process_reader_win.cc(242)] ReadMemory at 0x7fefce80000 of 64 bytes failed: Only part of a ReadProcessMemory or WriteProcessMemory request was completed. (0x12B)
[1029/131730.206:WARNING:pe_image_reader.cc(281)] could not read dos header from C:\Windows\system32\Secur32.dll
[1029/131730.206:ERROR:process_reader_win.cc(242)] ReadMemory at 0x7fefceb0000 of 64 bytes failed: Only part of a ReadProcessMemory or WriteProcessMemory request was completed. (0x12B)
[1029/131730.206:WARNING:pe_image_reader.cc(281)] could not read dos header from C:\Windows\system32\SSPICLI.DLL
[1029/131730.206:ERROR:process_reader_win.cc(242)] ReadMemory at 0x7fefd480000 of 64 bytes failed: Only part of a ReadProcessMemory or WriteProcessMemory request was completed. (0x12B)
[1029/131730.206:WARNING:pe_image_reader.cc(281)] could not read dos header from C:\Windows\system32\iertutil.dll
[1029/131730.206:ERROR:process_reader_win.cc(242)] ReadMemory at 0x7fefdee0000 of 64 bytes failed: Only part of a ReadProcessMemory or WriteProcessMemory request was completed. (0x12B)
[1029/131730.206:WARNING:pe_image_reader.cc(281)] could not read dos header from C:\Windows\system32\WININET.dll
[1029/131730.206:ERROR:process_reader_win.cc(242)] ReadMemory at 0x7feff170000 of 64 bytes failed: Only part of a ReadProcessMemory or WriteProcessMemory request was completed. (0x12B)
[1029/131730.206:WARNING:pe_image_reader.cc(281)] could not read dos header from C:\Windows\system32\urlmon.dll
[1029/131730.206:ERROR:process_reader_win.cc(242)] ReadMemory at 0x7fef1be0000 of 64 bytes failed: Only part of a ReadProcessMemory or WriteProcessMemory request was completed. (0x12B)
[1029/131730.206:WARNING:pe_image_reader.cc(281)] could not read dos header from C:\Windows\system32\DWrite.dll
[1029/131730.206:ERROR:process_reader_win.cc(242)] ReadMemory at 0x7fee8970000 of 64 bytes failed: Only part of a ReadProcessMemory or WriteProcessMemory request was completed. (0x12B)
[1029/131730.206:WARNING:pe_image_reader.cc(281)] could not read dos header from C:\Program Files (x86)\Google\Chrome\Application\62.0.3202.75\chrome_child.dll
[1029/131730.206:ERROR:process_reader_win.cc(242)] ReadMemory at 0x7fefcf40000 of 64 bytes failed: Only part of a ReadProcessMemory or WriteProcessMemory request was completed. (0x12B)
[1029/131730.206:WARNING:pe_image_reader.cc(281)] could not read dos header from C:\Windows\system32\cryptbase.dll
[1029/131730.207:ERROR:process_reader_win.cc(242)] ReadMemory at 0x771f2350 of 8 bytes failed: Only part of a ReadProcessMemory or WriteProcessMemory request was completed. (0x12B)
[1029/131730.262:ERROR:process_snapshot_win.cc(305)] failed to read target address
[1029/131730.262:ERROR:process_reader_win.cc(242)] ReadMemory at 0x13fae0000 of 64 bytes failed: Only part of a ReadProcessMemory or WriteProcessMemory request was completed. (0x12B)
[1029/131730.262:WARNING:pe_image_reader.cc(281)] could not read dos header from C:\Program Files (x86)\Google\Chrome\Application\chrome.exe
[1029/131730.262:ERROR:process_reader_win.cc(242)] ReadMemory at 0x770c0000 of 64 bytes failed: Only part of a ReadProcessMemory or WriteProcessMemory request was completed. (0x12B)
[1029/131730.262:WARNING:pe_image_reader.cc(281)] could not read dos header from C:\Windows\SYSTEM32\ntdll.dll
[1029/131730.262:ERROR:process_reader_win.cc(242)] ReadMemory at 0x7fefd370000 of 64 bytes failed: Only part of a ReadProcessMemory or WriteProcessMemory request was completed. (0x12B)
[1029/131730.262:WARNING:pe_image_reader.cc(281)] could not read dos header from C:\Windows\system32\KERNELBASE.dll
[1029/131730.262:ERROR:process_reader_win.cc(242)] ReadMemory at 0x76ea0000 of 64 bytes failed: Only part of a ReadProcessMemory or WriteProcessMemory request was completed. (0x12B)
[1029/131730.262:WARNING:pe_image_reader.cc(281)] could not read dos header from C:\Windows\system32\kernel32.dll
[1029/131730.262:ERROR:process_reader_win.cc(242)] ReadMemory at 0x7fefd3e0000 of 64 bytes failed: Only part of a ReadProcessMemory or WriteProcessMemory request was completed. (0x12B)
[1029/131730.262:WARNING:pe_image_reader.cc(281)] could not read dos header from C:\Windows\system32\msvcrt.dll
[1029/131730.262:ERROR:process_reader_win.cc(242)] ReadMemory at 0x7fefc090000 of 64 bytes failed: Only part of a ReadProcessMemory or WriteProcessMemory request was completed. (0x12B)
[1029/131730.262:WARNING:pe_image_reader.cc(281)] could not read dos header from C:\Windows\system32\VERSION.dll
[1029/131730.262:ERROR:process_reader_win.cc(242)] ReadMemory at 0x7fef3300000 of 64 bytes failed: Only part of a ReadProcessMemory or WriteProcessMemory request was completed. (0x12B)
[1029/131730.262:WARNING:pe_image_reader.cc(281)] could not read dos header from C:\Program Files (x86)\Google\Chrome\Application\62.0.3202.75\chrome_elf.dll
[1029/131730.263:ERROR:process_reader_win.cc(242)] ReadMemory at 0x7fefd6e0000 of 64 bytes failed: Only part of a ReadProcessMemory or WriteProcessMemory request was completed. (0x12B)
[1029/131730.263:WARNING:pe_image_reader.cc(281)] could not read dos header from C:\Windows\system32\RPCRT4.dll
[1029/131730.263:ERROR:process_reader_win.cc(242)] ReadMemory at 0x7feff0e0000 of 64 bytes failed: Only part of a ReadProcessMemory or WriteProcessMemory request was completed. (0x12B)
[1029/131730.263:WARNING:pe_image_reader.cc(281)] could not read dos header from C:\Windows\SYSTEM32\sechost.dll
[1029/131730.263:ERROR:process_reader_win.cc(242)] ReadMemory at 0x7feff2f0000 of 64 bytes failed: Only part of a ReadProcessMemory or WriteProcessMemory request was completed. (0x12B)
[1029/131730.263:WARNING:pe_image_reader.cc(281)] could not read dos header from C:\Windows\system32\ADVAPI32.dll
[1029/131730.263:ERROR:process_reader_win.cc(242)] ReadMemory at 0x77280000 of 64 bytes failed: Only part of a ReadProcessMemory or WriteProcessMemory request was completed. (0x12B)
[1029/131730.263:WARNING:pe_image_reader.cc(281)] could not read dos header from C:\Windows\system32\PSAPI.DLL
[1029/131730.263:ERROR:process_reader_win.cc(242)] ReadMemory at 0x4a0000 of 64 bytes failed: Only part of a ReadProcessMemory or WriteProcessMemory request was completed. (0x12B)
[1029/131730.263:WARNING:pe_image_reader.cc(281)] could not read dos header from C:\Windows\system32\USER32.dll
[1029/131730.263:ERROR:process_reader_win.cc(242)] ReadMemory at 0x7fefdbb0000 of 64 bytes failed: Only part of a ReadProcessMemory or WriteProcessMemory request was completed. (0x12B)
[1029/131730.263:WARNING:pe_image_reader.cc(281)] could not read dos header from C:\Windows\system32\USP10.dll
[1029/131730.263:ERROR:process_reader_win.cc(242)] ReadMemory at 0x7fefe070000 of 64 bytes failed: Only part of a ReadProcessMemory or WriteProcessMemory request was completed. (0x12B)
[1029/131730.263:WARNING:pe_image_reader.cc(281)] could not read dos header from C:\Windows\system32\LPK.dll
[1029/131730.263:ERROR:process_reader_win.cc(242)] ReadMemory at 0x7feff100000 of 64 bytes failed: Only part of a ReadProcessMemory or WriteProcessMemory request was completed. (0x12B)
[1029/131730.263:WARNING:pe_image_reader.cc(281)] could not read dos header from C:\Windows\system32\GDI32.dll
[1029/131730.263:ERROR:process_reader_win.cc(242)] ReadMemory at 0x7fefdc80000 of 64 bytes failed: Only part of a ReadProcessMemory or WriteProcessMemory request was completed. (0x12B)
[1029/131730.263:WARNING:pe_image_reader.cc(281)] could not read dos header from C:\Windows\system32\SHLWAPI.dll
[1029/131730.263:ERROR:process_reader_win.cc(242)] ReadMemory at 0x7fefe2c0000 of 64 bytes failed: Only part of a ReadProcessMemory or WriteProcessMemory request was completed. (0x12B)
[1029/131730.263:WARNING:pe_image_reader.cc(281)] could not read dos header from C:\Windows\system32\SHELL32.dll
[1029/131730.263:ERROR:process_reader_win.cc(242)] ReadMemory at 0x7fef8b40000 of 64 bytes failed: Only part of a ReadProcessMemory or WriteProcessMemory request was completed. (0x12B)
[1029/131730.263:WARNING:pe_image_reader.cc(281)] could not read dos header from C:\Windows\system32\WINMM.dll
[1029/131730.263:ERROR:process_reader_win.cc(242)] ReadMemory at 0x7fefd010000 of 64 bytes failed: Only part of a ReadProcessMemory or WriteProcessMemory request was completed. (0x12B)
[1029/131730.264:WARNING:pe_image_reader.cc(281)] could not read dos header from C:\Windows\system32\profapi.dll
[1029/131730.264:ERROR:process_reader_win.cc(242)] ReadMemory at 0x7fefc360000 of 64 bytes failed: Only part of a ReadProcessMemory or WriteProcessMemory request was completed. (0x12B)
[1029/131730.264:WARNING:pe_image_reader.cc(281)] could not read dos header from C:\Windows\system32\USERENV.dll
[1029/131730.264:ERROR:process_reader_win.cc(242)] ReadMemory at 0x7fefa750000 of 64 bytes failed: Only part of a ReadProcessMemory or WriteProcessMemory request was completed. (0x12B)
[1029/131730.264:WARNING:pe_image_reader.cc(281)] could not read dos header from C:\Windows\system32\webio.dll
[1029/131730.264:ERROR:process_reader_win.cc(242)] ReadMemory at 0x7fefa7c0000 of 64 bytes failed: Only part of a ReadProcessMemory or WriteProcessMemory request was completed. (0x12B)
[1029/131730.264:WARNING:pe_image_reader.cc(281)] could not read dos header from C:\Windows\system32\WINHTTP.dll
[1029/131730.264:ERROR:process_reader_win.cc(242)] ReadMemory at 0x7fefd810000 of 64 bytes failed: Only part of a ReadProcessMemory or WriteProcessMemory request was completed. (0x12B)
[1029/131730.264:WARNING:pe_image_reader.cc(281)] could not read dos header from C:\Windows\system32\MSCTF.dll
[1029/131730.264:ERROR:process_reader_win.cc(242)] ReadMemory at 0x7feff050000 of 64 bytes failed: Only part of a ReadProcessMemory or WriteProcessMemory request was completed. (0x12B)
[1029/131730.264:WARNING:pe_image_reader.cc(281)] could not read dos header from C:\Windows\system32\IMM32.DLL
[1029/131730.264:ERROR:process_reader_win.cc(242)] ReadMemory at 0x7fefd920000 of 64 bytes failed: Only part of a ReadProcessMemory or WriteProcessMemory request was completed. (0x12B)
[1029/131730.264:WARNING:pe_image_reader.cc(281)] could not read dos header from C:\Windows\system32\ole32.dll
[1029/131730.264:ERROR:process_reader_win.cc(242)] ReadMemory at 0x7fefe1e0000 of 64 bytes failed: Only part of a ReadProcessMemory or WriteProcessMemory request was completed. (0x12B)
[1029/131730.264:WARNING:pe_image_reader.cc(281)] could not read dos header from C:\Windows\system32\OLEAUT32.dll
[1029/131730.264:ERROR:process_reader_win.cc(242)] ReadMemory at 0x7fefe010000 of 64 bytes failed: Only part of a ReadProcessMemory or WriteProcessMemory request was completed. (0x12B)
[1029/131730.264:WARNING:pe_image_reader.cc(281)] could not read dos header from C:\Windows\system32\NSI.dll
[1029/131730.264:ERROR:process_reader_win.cc(242)] ReadMemory at 0x7fefe020000 of 64 bytes failed: Only part of a ReadProcessMemory or WriteProcessMemory request was completed. (0x12B)
[1029/131730.264:WARNING:pe_image_reader.cc(281)] could not read dos header from C:\Windows\system32\WS2_32.dll
[1029/131730.264:ERROR:process_reader_win.cc(242)] ReadMemory at 0x7fefd0b0000 of 64 bytes failed: Only part of a ReadProcessMemory or WriteProcessMemory request was completed. (0x12B)
[1029/131730.264:WARNING:pe_image_reader.cc(281)] could not read dos header from C:\Windows\system32\MSASN1.dll
[1029/131730.264:ERROR:process_reader_win.cc(242)] ReadMemory at 0x7fefd0c0000 of 64 bytes failed: Only part of a ReadProcessMemory or WriteProcessMemory request was completed. (0x12B)
[1029/131730.265:WARNING:pe_image_reader.cc(281)] could not read dos header from C:\Windows\system32\CRYPT32.dll
[1029/131730.265:ERROR:process_reader_win.cc(242)] ReadMemory at 0x7fefd230000 of 64 bytes failed: Only part of a ReadProcessMemory or WriteProcessMemory request was completed. (0x12B)
[1029/131730.265:WARNING:pe_image_reader.cc(281)] could not read dos header from C:\Windows\system32\WINTRUST.dll
[1029/131730.265:ERROR:process_reader_win.cc(242)] ReadMemory at 0x7fefb600000 of 64 bytes failed: Only part of a ReadProcessMemory or WriteProcessMemory request was completed. (0x12B)
[1029/131730.265:WARNING:pe_image_reader.cc(281)] could not read dos header from C:\Windows\WinSxS\amd64_microsoft.windows.common-controls_6595b64144ccf1df_6.0.7601.17514_none_fa396087175ac9ac\COMCTL32.dll
[1029/131730.265:ERROR:process_reader_win.cc(242)] ReadMemory at 0x7fefe120000 of 64 bytes failed: Only part of a ReadProcessMemory or WriteProcessMemory request was completed. (0x12B)
[1029/131730.265:WARNING:pe_image_reader.cc(281)] could not read dos header from C:\Windows\system32\COMDLG32.dll
[1029/131730.265:ERROR:process_reader_win.cc(242)] ReadMemory at 0x7fef2060000 of 64 bytes failed: Only part of a ReadProcessMemory or WriteProcessMemory request was completed. (0x12B)
[1029/131730.265:WARNING:pe_image_reader.cc(281)] could not read dos header from C:\Windows\system32\dbghelp.dll
[1029/131730.265:ERROR:process_reader_win.cc(242)] ReadMemory at 0x7fefa4a0000 of 64 bytes failed: Only part of a ReadProcessMemory or WriteProcessMemory request was completed. (0x12B)
[1029/131730.265:WARNING:pe_image_reader.cc(281)] could not read dos header from C:\Windows\system32\WINSPOOL.DRV
[1029/131730.265:ERROR:process_reader_win.cc(242)] ReadMemory at 0x7fefb4b0000 of 64 bytes failed: Only part of a ReadProcessMemory or WriteProcessMemory request was completed. (0x12B)
[1029/131730.265:WARNING:pe_image_reader.cc(281)] could not read dos header from C:\Windows\system32\WINNSI.DLL
[1029/131730.265:ERROR:process_reader_win.cc(242)] ReadMemory at 0x7fefb4c0000 of 64 bytes failed: Only part of a ReadProcessMemory or WriteProcessMemory request was completed. (0x12B)
[1029/131730.265:WARNING:pe_image_reader.cc(281)] could not read dos header from C:\Windows\system32\IPHLPAPI.DLL
[1029/131730.265:ERROR:process_reader_win.cc(242)] ReadMemory at 0x7fefce80000 of 64 bytes failed: Only part of a ReadProcessMemory or WriteProcessMemory request was completed. (0x12B)
[1029/131730.265:WARNING:pe_image_reader.cc(281)] could not read dos header from C:\Windows\system32\Secur32.dll
[1029/131730.265:ERROR:process_reader_win.cc(242)] ReadMemory at 0x7fefceb0000 of 64 bytes failed: Only part of a ReadProcessMemory or WriteProcessMemory request was completed. (0x12B)
[1029/131730.265:WARNING:pe_image_reader.cc(281)] could not read dos header from C:\Windows\system32\SSPICLI.DLL
[1029/131730.265:ERROR:process_reader_win.cc(242)] ReadMemory at 0x7fefd480000 of 64 bytes failed: Only part of a ReadProcessMemory or WriteProcessMemory request was completed. (0x12B)
[1029/131730.265:WARNING:pe_image_reader.cc(281)] could not read dos header from C:\Windows\system32\iertutil.dll
[1029/131730.266:ERROR:process_reader_win.cc(242)] ReadMemory at 0x7fefdee0000 of 64 bytes failed: Only part of a ReadProcessMemory or WriteProcessMemory request was completed. (0x12B)
[1029/131730.266:WARNING:pe_image_reader.cc(281)] could not read dos header from C:\Windows\system32\WININET.dll
[1029/131730.266:ERROR:process_reader_win.cc(242)] ReadMemory at 0x7feff170000 of 64 bytes failed: Only part of a ReadProcessMemory or WriteProcessMemory request was completed. (0x12B)
[1029/131730.266:WARNING:pe_image_reader.cc(281)] could not read dos header from C:\Windows\system32\urlmon.dll
[1029/131730.266:ERROR:process_reader_win.cc(242)] ReadMemory at 0x7fef1be0000 of 64 bytes failed: Only part of a ReadProcessMemory or WriteProcessMemory request was completed. (0x12B)
[1029/131730.266:WARNING:pe_image_reader.cc(281)] could not read dos header from C:\Windows\system32\DWrite.dll
[1029/131730.266:ERROR:process_reader_win.cc(242)] ReadMemory at 0x7fee8970000 of 64 bytes failed: Only part of a ReadProcessMemory or WriteProcessMemory request was completed. (0x12B)
[1029/131730.266:WARNING:pe_image_reader.cc(281)] could not read dos header from C:\Program Files (x86)\Google\Chrome\Application\62.0.3202.75\chrome_child.dll
[1029/131730.266:ERROR:process_reader_win.cc(242)] ReadMemory at 0x7fefcf40000 of 64 bytes failed: Only part of a ReadProcessMemory or WriteProcessMemory request was completed. (0x12B)
[1029/131730.266:WARNING:pe_image_reader.cc(281)] could not read dos header from C:\Windows\system32\cryptbase.dll
[1029/131730.267:ERROR:process_reader_win.cc(242)] ReadMemory at 0x13fae0000 of 64 bytes failed: Only part of a ReadProcessMemory or WriteProcessMemory request was completed. (0x12B)
[1029/131730.267:WARNING:pe_image_reader.cc(281)] could not read dos header from C:\Program Files (x86)\Google\Chrome\Application\chrome.exe
[1029/131730.289:ERROR:process_reader_win.cc(242)] ReadMemory at 0x770c0000 of 64 bytes failed: Only part of a ReadProcessMemory or WriteProcessMemory request was completed. (0x12B)
[1029/131730.289:WARNING:pe_image_reader.cc(281)] could not read dos header from C:\Windows\SYSTEM32\ntdll.dll
[1029/131730.289:ERROR:process_reader_win.cc(242)] ReadMemory at 0x7fefd370000 of 64 bytes failed: Only part of a ReadProcessMemory or WriteProcessMemory request was completed. (0x12B)
[1029/131730.289:WARNING:pe_image_reader.cc(281)] could not read dos header from C:\Windows\system32\KERNELBASE.dll
[1029/131730.289:ERROR:process_reader_win.cc(242)] ReadMemory at 0x76ea0000 of 64 bytes failed: Only part of a ReadProcessMemory or WriteProcessMemory request was completed. (0x12B)
[1029/131730.289:WARNING:pe_image_reader.cc(281)] could not read dos header from C:\Windows\system32\kernel32.dll
[1029/131730.290:ERROR:process_reader_win.cc(242)] ReadMemory at 0x7fefd3e0000 of 64 bytes failed: Only part of a ReadProcessMemory or WriteProcessMemory request was completed. (0x12B)
[1029/131730.290:WARNING:pe_image_reader.cc(281)] could not read dos header from C:\Windows\system32\msvcrt.dll
[1029/131730.290:ERROR:process_reader_win.cc(242)] ReadMemory at 0x7fefc090000 of 64 bytes failed: Only part of a ReadProcessMemory or WriteProcessMemory request was completed. (0x12B)
[1029/131730.290:WARNING:pe_image_reader.cc(281)] could not read dos header from C:\Windows\system32\VERSION.dll
[1029/131730.290:ERROR:process_reader_win.cc(242)] ReadMemory at 0x7fef3300000 of 64 bytes failed: Only part of a ReadProcessMemory or WriteProcessMemory request was completed. (0x12B)
[1029/131730.290:WARNING:pe_image_reader.cc(281)] could not read dos header from C:\Program Files (x86)\Google\Chrome\Application\62.0.3202.75\chrome_elf.dll
[1029/131730.290:ERROR:process_reader_win.cc(242)] ReadMemory at 0x7fefd6e0000 of 64 bytes failed: Only part of a ReadProcessMemory or WriteProcessMemory request was completed. (0x12B)
[1029/131730.290:WARNING:pe_image_reader.cc(281)] could not read dos header from C:\Windows\system32\RPCRT4.dll
[1029/131730.290:ERROR:process_reader_win.cc(242)] ReadMemory at 0x7feff0e0000 of 64 bytes failed: Only part of a ReadProcessMemory or WriteProcessMemory request was completed. (0x12B)
[1029/131730.290:WARNING:pe_image_reader.cc(281)] could not read dos header from C:\Windows\SYSTEM32\sechost.dll
[1029/131730.290:ERROR:process_reader_win.cc(242)] ReadMemory at 0x7feff2f0000 of 64 bytes failed: Only part of a ReadProcessMemory or WriteProcessMemory request was completed. (0x12B)
[1029/131730.290:WARNING:pe_image_reader.cc(281)] could not read dos header from C:\Windows\system32\ADVAPI32.dll
[1029/131730.290:ERROR:process_reader_win.cc(242)] ReadMemory at 0x77280000 of 64 bytes failed: Only part of a ReadProcessMemory or WriteProcessMemory request was completed. (0x12B)
[1029/131730.290:WARNING:pe_image_reader.cc(281)] could not read dos header from C:\Windows\system32\PSAPI.DLL
[1029/131730.290:ERROR:process_reader_win.cc(242)] ReadMemory at 0x4a0000 of 64 bytes failed: Only part of a ReadProcessMemory or WriteProcessMemory request was completed. (0x12B)
[1029/131730.290:WARNING:pe_image_reader.cc(281)] could not read dos header from C:\Windows\system32\USER32.dll
[1029/131730.290:ERROR:process_reader_win.cc(242)] ReadMemory at 0x7fefdbb0000 of 64 bytes failed: Only part of a ReadProcessMemory or WriteProcessMemory request was completed. (0x12B)
[1029/131730.290:WARNING:pe_image_reader.cc(281)] could not read dos header from C:\Windows\system32\USP10.dll
[1029/131730.290:ERROR:process_reader_win.cc(242)] ReadMemory at 0x7fefe070000 of 64 bytes failed: Only part of a ReadProcessMemory or WriteProcessMemory request was completed. (0x12B)
[1029/131730.290:WARNING:pe_image_reader.cc(281)] could not read dos header from C:\Windows\system32\LPK.dll
[1029/131730.290:ERROR:process_reader_win.cc(242)] ReadMemory at 0x7feff100000 of 64 bytes failed: Only part of a ReadProcessMemory or WriteProcessMemory request was completed. (0x12B)
[1029/131730.290:WARNING:pe_image_reader.cc(281)] could not read dos header from C:\Windows\system32\GDI32.dll
[1029/131730.290:ERROR:process_reader_win.cc(242)] ReadMemory at 0x7fefdc80000 of 64 bytes failed: Only part of a ReadProcessMemory or WriteProcessMemory request was completed. (0x12B)
[1029/131730.291:WARNING:pe_image_reader.cc(281)] could not read dos header from C:\Windows\system32\SHLWAPI.dll
[1029/131730.291:ERROR:process_reader_win.cc(242)] ReadMemory at 0x7fefe2c0000 of 64 bytes failed: Only part of a ReadProcessMemory or WriteProcessMemory request was completed. (0x12B)
[1029/131730.291:WARNING:pe_image_reader.cc(281)] could not read dos header from C:\Windows\system32\SHELL32.dll
[1029/131730.291:ERROR:process_reader_win.cc(242)] ReadMemory at 0x7fef8b40000 of 64 bytes failed: Only part of a ReadProcessMemory or WriteProcessMemory request was completed. (0x12B)
[1029/131730.291:WARNING:pe_image_reader.cc(281)] could not read dos header from C:\Windows\system32\WINMM.dll
[1029/131730.291:ERROR:process_reader_win.cc(242)] ReadMemory at 0x7fefd010000 of 64 bytes failed: Only part of a ReadProcessMemory or WriteProcessMemory request was completed. (0x12B)
[1029/131730.291:WARNING:pe_image_reader.cc(281)] could not read dos header from C:\Windows\system32\profapi.dll
[1029/131730.291:ERROR:process_reader_win.cc(242)] ReadMemory at 0x7fefc360000 of 64 bytes failed: Only part of a ReadProcessMemory or WriteProcessMemory request was completed. (0x12B)
[1029/131730.291:WARNING:pe_image_reader.cc(281)] could not read dos header from C:\Windows\system32\USERENV.dll
[1029/131730.291:ERROR:process_reader_win.cc(242)] ReadMemory at 0x7fefa750000 of 64 bytes failed: Only part of a ReadProcessMemory or WriteProcessMemory request was completed. (0x12B)
[1029/131730.291:WARNING:pe_image_reader.cc(281)] could not read dos header from C:\Windows\system32\webio.dll
[1029/131730.291:ERROR:process_reader_win.cc(242)] ReadMemory at 0x7fefa7c0000 of 64 bytes failed: Only part of a ReadProcessMemory or WriteProcessMemory request was completed. (0x12B)
[1029/131730.291:WARNING:pe_image_reader.cc(281)] could not read dos header from C:\Windows\system32\WINHTTP.dll
[1029/131730.291:ERROR:process_reader_win.cc(242)] ReadMemory at 0x7fefd810000 of 64 bytes failed: Only part of a ReadProcessMemory or WriteProcessMemory request was completed. (0x12B)
[1029/131730.291:WARNING:pe_image_reader.cc(281)] could not read dos header from C:\Windows\system32\MSCTF.dll
[1029/131730.291:ERROR:process_reader_win.cc(242)] ReadMemory at 0x7feff050000 of 64 bytes failed: Only part of a ReadProcessMemory or WriteProcessMemory request was completed. (0x12B)
[1029/131730.291:WARNING:pe_image_reader.cc(281)] could not read dos header from C:\Windows\system32\IMM32.DLL
[1029/131730.291:ERROR:process_reader_win.cc(242)] ReadMemory at 0x7fefd920000 of 64 bytes failed: Only part of a ReadProcessMemory or WriteProcessMemory request was completed. (0x12B)
[1029/131730.291:WARNING:pe_image_reader.cc(281)] could not read dos header from C:\Windows\system32\ole32.dll
[1029/131730.291:ERROR:process_reader_win.cc(242)] ReadMemory at 0x7fefe1e0000 of 64 bytes failed: Only part of a ReadProcessMemory or WriteProcessMemory request was completed. (0x12B)
[1029/131730.291:WARNING:pe_image_reader.cc(281)] could not read dos header from C:\Windows\system32\OLEAUT32.dll
[1029/131730.292:ERROR:process_reader_win.cc(242)] ReadMemory at 0x7fefe010000 of 64 bytes failed: Only part of a ReadProcessMemory or WriteProcessMemory request was completed. (0x12B)
[1029/131730.292:WARNING:pe_image_reader.cc(281)] could not read dos header from C:\Windows\system32\NSI.dll
[1029/131730.292:ERROR:process_reader_win.cc(242)] ReadMemory at 0x7fefe020000 of 64 bytes failed: Only part of a ReadProcessMemory or WriteProcessMemory request was completed. (0x12B)
[1029/131730.292:WARNING:pe_image_reader.cc(281)] could not read dos header from C:\Windows\system32\WS2_32.dll
[1029/131730.292:ERROR:process_reader_win.cc(242)] ReadMemory at 0x7fefd0b0000 of 64 bytes failed: Only part of a ReadProcessMemory or WriteProcessMemory request was completed. (0x12B)
[1029/131730.292:WARNING:pe_image_reader.cc(281)] could not read dos header from C:\Windows\system32\MSASN1.dll
[1029/131730.292:ERROR:process_reader_win.cc(242)] ReadMemory at 0x7fefd0c0000 of 64 bytes failed: Only part of a ReadProcessMemory or WriteProcessMemory request was completed. (0x12B)
[1029/131730.292:WARNING:pe_image_reader.cc(281)] could not read dos header from C:\Windows\system32\CRYPT32.dll
[1029/131730.292:ERROR:process_reader_win.cc(242)] ReadMemory at 0x7fefd230000 of 64 bytes failed: Only part of a ReadProcessMemory or WriteProcessMemory request was completed. (0x12B)
[1029/131730.292:WARNING:pe_image_reader.cc(281)] could not read dos header from C:\Windows\system32\WINTRUST.dll
[1029/131730.292:ERROR:process_reader_win.cc(242)] ReadMemory at 0x7fefb600000 of 64 bytes failed: Only part of a ReadProcessMemory or WriteProcessMemory request was completed. (0x12B)
[1029/131730.292:WARNING:pe_image_reader.cc(281)] could not read dos header from C:\Windows\WinSxS\amd64_microsoft.windows.common-controls_6595b64144ccf1df_6.0.7601.17514_none_fa396087175ac9ac\COMCTL32.dll
[1029/131730.292:ERROR:process_reader_win.cc(242)] ReadMemory at 0x7fefe120000 of 64 bytes failed: Only part of a ReadProcessMemory or WriteProcessMemory request was completed. (0x12B)
[1029/131730.292:WARNING:pe_image_reader.cc(281)] could not read dos header from C:\Windows\system32\COMDLG32.dll
[1029/131730.292:ERROR:process_reader_win.cc(242)] ReadMemory at 0x7fef2060000 of 64 bytes failed: Only part of a ReadProcessMemory or WriteProcessMemory request was completed. (0x12B)
[1029/131730.292:WARNING:pe_image_reader.cc(281)] could not read dos header from C:\Windows\system32\dbghelp.dll
[1029/131730.292:ERROR:process_reader_win.cc(242)] ReadMemory at 0x7fefa4a0000 of 64 bytes failed: Only part of a ReadProcessMemory or WriteProcessMemory request was completed. (0x12B)
[1029/131730.292:WARNING:pe_image_reader.cc(281)] could not read dos header from C:\Windows\system32\WINSPOOL.DRV
[1029/131730.292:ERROR:process_reader_win.cc(242)] ReadMemory at 0x7fefb4b0000 of 64 bytes failed: Only part of a ReadProcessMemory or WriteProcessMemory request was completed. (0x12B)
[1029/131730.292:WARNING:pe_image_reader.cc(281)] could not read dos header from C:\Windows\system32\WINNSI.DLL
[1029/131730.292:ERROR:process_reader_win.cc(242)] ReadMemory at 0x7fefb4c0000 of 64 bytes failed: Only part of a ReadProcessMemory or WriteProcessMemory request was completed. (0x12B)
[1029/131730.292:WARNING:pe_image_reader.cc(281)] could not read dos header from C:\Windows\system32\IPHLPAPI.DLL
[1029/131730.293:ERROR:process_reader_win.cc(242)] ReadMemory at 0x7fefce80000 of 64 bytes failed: Only part of a ReadProcessMemory or WriteProcessMemory request was completed. (0x12B)
[1029/131730.293:WARNING:pe_image_reader.cc(281)] could not read dos header from C:\Windows\system32\Secur32.dll
[1029/131730.293:ERROR:process_reader_win.cc(242)] ReadMemory at 0x7fefceb0000 of 64 bytes failed: Only part of a ReadProcessMemory or WriteProcessMemory request was completed. (0x12B)
[1029/131730.293:WARNING:pe_image_reader.cc(281)] could not read dos header from C:\Windows\system32\SSPICLI.DLL
[1029/131730.293:ERROR:process_reader_win.cc(242)] ReadMemory at 0x7fefd480000 of 64 bytes failed: Only part of a ReadProcessMemory or WriteProcessMemory request was completed. (0x12B)
[1029/131730.293:WARNING:pe_image_reader.cc(281)] could not read dos header from C:\Windows\system32\iertutil.dll
[1029/131730.293:ERROR:process_reader_win.cc(242)] ReadMemory at 0x7fefdee0000 of 64 bytes failed: Only part of a ReadProcessMemory or WriteProcessMemory request was completed. (0x12B)
[1029/131730.293:WARNING:pe_image_reader.cc(281)] could not read dos header from C:\Windows\system32\WININET.dll
[1029/131730.293:ERROR:process_reader_win.cc(242)] ReadMemory at 0x7feff170000 of 64 bytes failed: Only part of a ReadProcessMemory or WriteProcessMemory request was completed. (0x12B)
[1029/131730.293:WARNING:pe_image_reader.cc(281)] could not read dos header from C:\Windows\system32\urlmon.dll
[1029/131730.293:ERROR:process_reader_win.cc(242)] ReadMemory at 0x7fef1be0000 of 64 bytes failed: Only part of a ReadProcessMemory or WriteProcessMemory request was completed. (0x12B)
[1029/131730.293:WARNING:pe_image_reader.cc(281)] could not read dos header from C:\Windows\system32\DWrite.dll
[1029/131730.293:ERROR:process_reader_win.cc(242)] ReadMemory at 0x7fee8970000 of 64 bytes failed: Only part of a ReadProcessMemory or WriteProcessMemory request was completed. (0x12B)
[1029/131730.293:WARNING:pe_image_reader.cc(281)] could not read dos header from C:\Program Files (x86)\Google\Chrome\Application\62.0.3202.75\chrome_child.dll
[1029/131730.293:ERROR:process_reader_win.cc(242)] ReadMemory at 0x7fefcf40000 of 64 bytes failed: Only part of a ReadProcessMemory or WriteProcessMemory request was completed. (0x12B)
[1029/131730.293:WARNING:pe_image_reader.cc(281)] could not read dos header from C:\Windows\system32\cryptbase.dll
[1029/131730.302:ERROR:process_reader_win.cc(242)] ReadMemory at 0x13fae0000 of 64 bytes failed: Only part of a ReadProcessMemory or WriteProcessMemory request was completed. (0x12B)
[1029/131730.302:WARNING:pe_image_reader.cc(281)] could not read dos header from C:\Program Files (x86)\Google\Chrome\Application\chrome.exe
[1029/131730.302:ERROR:process_reader_win.cc(242)] ReadMemory at 0x770c0000 of 64 bytes failed: Only part of a ReadProcessMemory or WriteProcessMemory request was completed. (0x12B)
[1029/131730.302:WARNING:pe_image_reader.cc(281)] could not read dos header from C:\Windows\SYSTEM32\ntdll.dll
[1029/131730.302:ERROR:process_reader_win.cc(242)] ReadMemory at 0x7fefd370000 of 64 bytes failed: Only part of a ReadProcessMemory or WriteProcessMemory request was completed. (0x12B)
[1029/131730.302:WARNING:pe_image_reader.cc(281)] could not read dos header from C:\Windows\system32\KERNELBASE.dll
[1029/131730.302:ERROR:process_reader_win.cc(242)] ReadMemory at 0x76ea0000 of 64 bytes failed: Only part of a ReadProcessMemory or WriteProcessMemory request was completed. (0x12B)
[1029/131730.303:WARNING:pe_image_reader.cc(281)] could not read dos header from C:\Windows\system32\kernel32.dll
[1029/131730.303:ERROR:process_reader_win.cc(242)] ReadMemory at 0x7fefd3e0000 of 64 bytes failed: Only part of a ReadProcessMemory or WriteProcessMemory request was completed. (0x12B)
[1029/131730.303:WARNING:pe_image_reader.cc(281)] could not read dos header from C:\Windows\system32\msvcrt.dll
[1029/131730.303:ERROR:process_reader_win.cc(242)] ReadMemory at 0x7fefc090000 of 64 bytes failed: Only part of a ReadProcessMemory or WriteProcessMemory request was completed. (0x12B)
[1029/131730.303:WARNING:pe_image_reader.cc(281)] could not read dos header from C:\Windows\system32\VERSION.dll
[1029/131730.303:ERROR:process_reader_win.cc(242)] ReadMemory at 0x7fef3300000 of 64 bytes failed: Only part of a ReadProcessMemory or WriteProcessMemory request was completed. (0x12B)
[1029/131730.303:WARNING:pe_image_reader.cc(281)] could not read dos header from C:\Program Files (x86)\Google\Chrome\Application\62.0.3202.75\chrome_elf.dll
[1029/131730.303:ERROR:process_reader_win.cc(242)] ReadMemory at 0x7fefd6e0000 of 64 bytes failed: Only part of a ReadProcessMemory or WriteProcessMemory request was completed. (0x12B)
[1029/131730.303:WARNING:pe_image_reader.cc(281)] could not read dos header from C:\Windows\system32\RPCRT4.dll
[1029/131730.303:ERROR:process_reader_win.cc(242)] ReadMemory at 0x7feff0e0000 of 64 bytes failed: Only part of a ReadProcessMemory or WriteProcessMemory request was completed. (0x12B)
[1029/131730.303:WARNING:pe_image_reader.cc(281)] could not read dos header from C:\Windows\SYSTEM32\sechost.dll
[1029/131730.303:ERROR:process_reader_win.cc(242)] ReadMemory at 0x7feff2f0000 of 64 bytes failed: Only part of a ReadProcessMemory or WriteProcessMemory request was completed. (0x12B)
[1029/131730.303:WARNING:pe_image_reader.cc(281)] could not read dos header from C:\Windows\system32\ADVAPI32.dll
[1029/131730.303:ERROR:process_reader_win.cc(242)] ReadMemory at 0x77280000 of 64 bytes failed: Only part of a ReadProcessMemory or WriteProcessMemory request was completed. (0x12B)
[1029/131730.303:WARNING:pe_image_reader.cc(281)] could not read dos header from C:\Windows\system32\PSAPI.DLL
[1029/131730.303:ERROR:process_reader_win.cc(242)] ReadMemory at 0x4a0000 of 64 bytes failed: Only part of a ReadProcessMemory or WriteProcessMemory request was completed. (0x12B)
[1029/131730.304:WARNING:pe_image_reader.cc(281)] could not read dos header from C:\Windows\system32\USER32.dll
[1029/131730.304:ERROR:process_reader_win.cc(242)] ReadMemory at 0x7fefdbb0000 of 64 bytes failed: Only part of a ReadProcessMemory or WriteProcessMemory request was completed. (0x12B)
[1029/131730.304:WARNING:pe_image_reader.cc(281)] could not read dos header from C:\Windows\system32\USP10.dll
[1029/131730.304:ERROR:process_reader_win.cc(242)] ReadMemory at 0x7fefe070000 of 64 bytes failed: Only part of a ReadProcessMemory or WriteProcessMemory request was completed. (0x12B)
[1029/131730.304:WARNING:pe_image_reader.cc(281)] could not read dos header from C:\Windows\system32\LPK.dll
[1029/131730.304:ERROR:process_reader_win.cc(242)] ReadMemory at 0x7feff100000 of 64 bytes failed: Only part of a ReadProcessMemory or WriteProcessMemory request was completed. (0x12B)
[1029/131730.304:WARNING:pe_image_reader.cc(281)] could not read dos header from C:\Windows\system32\GDI32.dll
[1029/131730.304:ERROR:process_reader_win.cc(242)] ReadMemory at 0x7fefdc80000 of 64 bytes failed: Only part of a ReadProcessMemory or WriteProcessMemory request was completed. (0x12B)
[1029/131730.304:WARNING:pe_image_reader.cc(281)] could not read dos header from C:\Windows\system32\SHLWAPI.dll
[1029/131730.304:ERROR:process_reader_win.cc(242)] ReadMemory at 0x7fefe2c0000 of 64 bytes failed: Only part of a ReadProcessMemory or WriteProcessMemory request was completed. (0x12B)
[1029/131730.304:WARNING:pe_image_reader.cc(281)] could not read dos header from C:\Windows\system32\SHELL32.dll
[1029/131730.304:ERROR:process_reader_win.cc(242)] ReadMemory at 0x7fef8b40000 of 64 bytes failed: Only part of a ReadProcessMemory or WriteProcessMemory request was completed. (0x12B)
[1029/131730.304:WARNING:pe_image_reader.cc(281)] could not read dos header from C:\Windows\system32\WINMM.dll
[1029/131730.305:ERROR:process_reader_win.cc(242)] ReadMemory at 0x7fefd010000 of 64 bytes failed: Only part of a ReadProcessMemory or WriteProcessMemory request was completed. (0x12B)
[1029/131730.305:WARNING:pe_image_reader.cc(281)] could not read dos header from C:\Windows\system32\profapi.dll
[1029/131730.305:ERROR:process_reader_win.cc(242)] ReadMemory at 0x7fefc360000 of 64 bytes failed: Only part of a ReadProcessMemory or WriteProcessMemory request was completed. (0x12B)
[1029/131730.305:WARNING:pe_image_reader.cc(281)] could not read dos header from C:\Windows\system32\USERENV.dll
[1029/131730.305:ERROR:process_reader_win.cc(242)] ReadMemory at 0x7fefa750000 of 64 bytes failed: Only part of a ReadProcessMemory or WriteProcessMemory request was completed. (0x12B)
[1029/131730.305:WARNING:pe_image_reader.cc(281)] could not read dos header from C:\Windows\system32\webio.dll
[1029/131730.305:ERROR:process_reader_win.cc(242)] ReadMemory at 0x7fefa7c0000 of 64 bytes failed: Only part of a ReadProcessMemory or WriteProcessMemory request was completed. (0x12B)
[1029/131730.305:WARNING:pe_image_reader.cc(281)] could not read dos header from C:\Windows\system32\WINHTTP.dll
[1029/131730.305:ERROR:process_reader_win.cc(242)] ReadMemory at 0x7fefd810000 of 64 bytes failed: Only part of a ReadProcessMemory or WriteProcessMemory request was completed. (0x12B)
[1029/131730.305:WARNING:pe_image_reader.cc(281)] could not read dos header from C:\Windows\system32\MSCTF.dll
[1029/131730.305:ERROR:process_reader_win.cc(242)] ReadMemory at 0x7feff050000 of 64 bytes failed: Only part of a ReadProcessMemory or WriteProcessMemory request was completed. (0x12B)
[1029/131730.305:WARNING:pe_image_reader.cc(281)] could not read dos header from C:\Windows\system32\IMM32.DLL
[1029/131730.305:ERROR:process_reader_win.cc(242)] ReadMemory at 0x7fefd920000 of 64 bytes failed: Only part of a ReadProcessMemory or WriteProcessMemory request was completed. (0x12B)
[1029/131730.306:WARNING:pe_image_reader.cc(281)] could not read dos header from C:\Windows\system32\ole32.dll
[1029/131730.306:ERROR:process_reader_win.cc(242)] ReadMemory at 0x7fefe1e0000 of 64 bytes failed: Only part of a ReadProcessMemory or WriteProcessMemory request was completed. (0x12B)
[1029/131730.306:WARNING:pe_image_reader.cc(281)] could not read dos header from C:\Windows\system32\OLEAUT32.dll
[1029/131730.306:ERROR:process_reader_win.cc(242)] ReadMemory at 0x7fefe010000 of 64 bytes failed: Only part of a ReadProcessMemory or WriteProcessMemory request was completed. (0x12B)
[1029/131730.306:WARNING:pe_image_reader.cc(281)] could not read dos header from C:\Windows\system32\NSI.dll
[1029/131730.306:ERROR:process_reader_win.cc(242)] ReadMemory at 0x7fefe020000 of 64 bytes failed: Only part of a ReadProcessMemory or WriteProcessMemory request was completed. (0x12B)
[1029/131730.306:WARNING:pe_image_reader.cc(281)] could not read dos header from C:\Windows\system32\WS2_32.dll
[1029/131730.306:ERROR:process_reader_win.cc(242)] ReadMemory at 0x7fefd0b0000 of 64 bytes failed: Only part of a ReadProcessMemory or WriteProcessMemory request was completed. (0x12B)
[1029/131730.306:WARNING:pe_image_reader.cc(281)] could not read dos header from C:\Windows\system32\MSASN1.dll
[1029/131730.306:ERROR:process_reader_win.cc(242)] ReadMemory at 0x7fefd0c0000 of 64 bytes failed: Only part of a ReadProcessMemory or WriteProcessMemory request was completed. (0x12B)
[1029/131730.306:WARNING:pe_image_reader.cc(281)] could not read dos header from C:\Windows\system32\CRYPT32.dll
[1029/131730.306:ERROR:process_reader_win.cc(242)] ReadMemory at 0x7fefd230000 of 64 bytes failed: Only part of a ReadProcessMemory or WriteProcessMemory request was completed. (0x12B)
[1029/131730.306:WARNING:pe_image_reader.cc(281)] could not read dos header from C:\Windows\system32\WINTRUST.dll
[1029/131730.306:ERROR:process_reader_win.cc(242)] ReadMemory at 0x7fefb600000 of 64 bytes failed: Only part of a ReadProcessMemory or WriteProcessMemory request was completed. (0x12B)
[1029/131730.306:WARNING:pe_image_reader.cc(281)] could not read dos header from C:\Windows\WinSxS\amd64_microsoft.windows.common-controls_6595b64144ccf1df_6.0.7601.17514_none_fa396087175ac9ac\COMCTL32.dll
[1029/131730.306:ERROR:process_reader_win.cc(242)] ReadMemory at 0x7fefe120000 of 64 bytes failed: Only part of a ReadProcessMemory or WriteProcessMemory request was completed. (0x12B)
[1029/131730.306:WARNING:pe_image_reader.cc(281)] could not read dos header from C:\Windows\system32\COMDLG32.dll
[1029/131730.306:ERROR:process_reader_win.cc(242)] ReadMemory at 0x7fef2060000 of 64 bytes failed: Only part of a ReadProcessMemory or WriteProcessMemory request was completed. (0x12B)
[1029/131730.306:WARNING:pe_image_reader.cc(281)] could not read dos header from C:\Windows\system32\dbghelp.dll
[1029/131730.306:ERROR:process_reader_win.cc(242)] ReadMemory at 0x7fefa4a0000 of 64 bytes failed: Only part of a ReadProcessMemory or WriteProcessMemory request was completed. (0x12B)
[1029/131730.306:WARNING:pe_image_reader.cc(281)] could not read dos header from C:\Windows\system32\WINSPOOL.DRV
[1029/131730.306:ERROR:process_reader_win.cc(242)] ReadMemory at 0x7fefb4b0000 of 64 bytes failed: Only part of a ReadProcessMemory or WriteProcessMemory request was completed. (0x12B)
[1029/131730.306:WARNING:pe_image_reader.cc(281)] could not read dos header from C:\Windows\system32\WINNSI.DLL
[1029/131730.307:ERROR:process_reader_win.cc(242)] ReadMemory at 0x7fefb4c0000 of 64 bytes failed: Only part of a ReadProcessMemory or WriteProcessMemory request was completed. (0x12B)
[1029/131730.307:WARNING:pe_image_reader.cc(281)] could not read dos header from C:\Windows\system32\IPHLPAPI.DLL
[1029/131730.307:ERROR:process_reader_win.cc(242)] ReadMemory at 0x7fefce80000 of 64 bytes failed: Only part of a ReadProcessMemory or WriteProcessMemory request was completed. (0x12B)
[1029/131730.307:WARNING:pe_image_reader.cc(281)] could not read dos header from C:\Windows\system32\Secur32.dll
[1029/131730.307:ERROR:process_reader_win.cc(242)] ReadMemory at 0x7fefceb0000 of 64 bytes failed: Only part of a ReadProcessMemory or WriteProcessMemory request was completed. (0x12B)
[1029/131730.307:WARNING:pe_image_reader.cc(281)] could not read dos header from C:\Windows\system32\SSPICLI.DLL
[1029/131730.307:ERROR:process_reader_win.cc(242)] ReadMemory at 0x7fefd480000 of 64 bytes failed: Only part of a ReadProcessMemory or WriteProcessMemory request was completed. (0x12B)
[1029/131730.307:WARNING:pe_image_reader.cc(281)] could not read dos header from C:\Windows\system32\iertutil.dll
[1029/131730.307:ERROR:process_reader_win.cc(242)] ReadMemory at 0x7fefdee0000 of 64 bytes failed: Only part of a ReadProcessMemory or WriteProcessMemory request was completed. (0x12B)
[1029/131730.307:WARNING:pe_image_reader.cc(281)] could not read dos header from C:\Windows\system32\WININET.dll
[1029/131730.307:ERROR:process_reader_win.cc(242)] ReadMemory at 0x7feff170000 of 64 bytes failed: Only part of a ReadProcessMemory or WriteProcessMemory request was completed. (0x12B)
[1029/131730.307:WARNING:pe_image_reader.cc(281)] could not read dos header from C:\Windows\system32\urlmon.dll
[1029/131730.307:ERROR:process_reader_win.cc(242)] ReadMemory at 0x7fef1be0000 of 64 bytes failed: Only part of a ReadProcessMemory or WriteProcessMemory request was completed. (0x12B)
[1029/131730.307:WARNING:pe_image_reader.cc(281)] could not read dos header from C:\Windows\system32\DWrite.dll
[1029/131730.307:ERROR:process_reader_win.cc(242)] ReadMemory at 0x7fee8970000 of 64 bytes failed: Only part of a ReadProcessMemory or WriteProcessMemory request was completed. (0x12B)
[1029/131730.307:WARNING:pe_image_reader.cc(281)] could not read dos header from C:\Program Files (x86)\Google\Chrome\Application\62.0.3202.75\chrome_child.dll
[1029/131730.307:ERROR:process_reader_win.cc(242)] ReadMemory at 0x7fefcf40000 of 64 bytes failed: Only part of a ReadProcessMemory or WriteProcessMemory request was completed. (0x12B)
[1029/131730.307:WARNING:pe_image_reader.cc(281)] could not read dos header from C:\Windows\system32\cryptbase.dll
[1029/131730.327:ERROR:process_reader_win.cc(242)] ReadMemory at 0x13fae0000 of 64 bytes failed: Only part of a ReadProcessMemory or WriteProcessMemory request was completed. (0x12B)
[1029/131730.327:WARNING:pe_image_reader.cc(281)] could not read dos header from C:\Program Files (x86)\Google\Chrome\Application\chrome.exe
[1029/131730.327:ERROR:process_reader_win.cc(242)] ReadMemory at 0x770c0000 of 64 bytes failed: Only part of a ReadProcessMemory or WriteProcessMemory request was completed. (0x12B)
[1029/131730.327:WARNING:pe_image_reader.cc(281)] could not read dos header from C:\Windows\SYSTEM32\ntdll.dll
[1029/131730.327:ERROR:process_reader_win.cc(242)] ReadMemory at 0x7fefd370000 of 64 bytes failed: Only part of a ReadProcessMemory or WriteProcessMemory request was completed. (0x12B)
[1029/131730.327:WARNING:pe_image_reader.cc(281)] could not read dos header from C:\Windows\system32\KERNELBASE.dll
[1029/131730.327:ERROR:process_reader_win.cc(242)] ReadMemory at 0x76ea0000 of 64 bytes failed: Only part of a ReadProcessMemory or WriteProcessMemory request was completed. (0x12B)
[1029/131730.327:WARNING:pe_image_reader.cc(281)] could not read dos header from C:\Windows\system32\kernel32.dll
[1029/131730.327:ERROR:process_reader_win.cc(242)] ReadMemory at 0x7fefd3e0000 of 64 bytes failed: Only part of a ReadProcessMemory or WriteProcessMemory request was completed. (0x12B)
[1029/131730.327:WARNING:pe_image_reader.cc(281)] could not read dos header from C:\Windows\system32\msvcrt.dll
[1029/131730.327:ERROR:process_reader_win.cc(242)] ReadMemory at 0x7fefc090000 of 64 bytes failed: Only part of a ReadProcessMemory or WriteProcessMemory request was completed. (0x12B)
[1029/131730.327:WARNING:pe_image_reader.cc(281)] could not read dos header from C:\Windows\system32\VERSION.dll
[1029/131730.327:ERROR:process_reader_win.cc(242)] ReadMemory at 0x7fef3300000 of 64 bytes failed: Only part of a ReadProcessMemory or WriteProcessMemory request was completed. (0x12B)
[1029/131730.327:WARNING:pe_image_reader.cc(281)] could not read dos header from C:\Program Files (x86)\Google\Chrome\Application\62.0.3202.75\chrome_elf.dll
[1029/131730.327:ERROR:process_reader_win.cc(242)] ReadMemory at 0x7fefd6e0000 of 64 bytes failed: Only part of a ReadProcessMemory or WriteProcessMemory request was completed. (0x12B)
[1029/131730.327:WARNING:pe_image_reader.cc(281)] could not read dos header from C:\Windows\system32\RPCRT4.dll
[1029/131730.327:ERROR:process_reader_win.cc(242)] ReadMemory at 0x7feff0e0000 of 64 bytes failed: Only part of a ReadProcessMemory or WriteProcessMemory request was completed. (0x12B)
[1029/131730.327:WARNING:pe_image_reader.cc(281)] could not read dos header from C:\Windows\SYSTEM32\sechost.dll
[1029/131730.327:ERROR:process_reader_win.cc(242)] ReadMemory at 0x7feff2f0000 of 64 bytes failed: Only part of a ReadProcessMemory or WriteProcessMemory request was completed. (0x12B)
[1029/131730.328:WARNING:pe_image_reader.cc(281)] could not read dos header from C:\Windows\system32\ADVAPI32.dll
[1029/131730.328:ERROR:process_reader_win.cc(242)] ReadMemory at 0x77280000 of 64 bytes failed: Only part of a ReadProcessMemory or WriteProcessMemory request was completed. (0x12B)
[1029/131730.328:WARNING:pe_image_reader.cc(281)] could not read dos header from C:\Windows\system32\PSAPI.DLL
[1029/131730.328:ERROR:process_reader_win.cc(242)] ReadMemory at 0x4a0000 of 64 bytes failed: Only part of a ReadProcessMemory or WriteProcessMemory request was completed. (0x12B)
[1029/131730.328:WARNING:pe_image_reader.cc(281)] could not read dos header from C:\Windows\system32\USER32.dll
[1029/131730.328:ERROR:process_reader_win.cc(242)] ReadMemory at 0x7fefdbb0000 of 64 bytes failed: Only part of a ReadProcessMemory or WriteProcessMemory request was completed. (0x12B)
[1029/131730.328:WARNING:pe_image_reader.cc(281)] could not read dos header from C:\Windows\system32\USP10.dll
[1029/131730.328:ERROR:process_reader_win.cc(242)] ReadMemory at 0x7fefe070000 of 64 bytes failed: Only part of a ReadProcessMemory or WriteProcessMemory request was completed. (0x12B)
[1029/131730.328:WARNING:pe_image_reader.cc(281)] could not read dos header from C:\Windows\system32\LPK.dll
[1029/131730.328:ERROR:process_reader_win.cc(242)] ReadMemory at 0x7feff100000 of 64 bytes failed: Only part of a ReadProcessMemory or WriteProcessMemory request was completed. (0x12B)
[1029/131730.328:WARNING:pe_image_reader.cc(281)] could not read dos header from C:\Windows\system32\GDI32.dll
[1029/131730.328:ERROR:process_reader_win.cc(242)] ReadMemory at 0x7fefdc80000 of 64 bytes failed: Only part of a ReadProcessMemory or WriteProcessMemory request was completed. (0x12B)
[1029/131730.328:WARNING:pe_image_reader.cc(281)] could not read dos header from C:\Windows\system32\SHLWAPI.dll
[1029/131730.328:ERROR:process_reader_win.cc(242)] ReadMemory at 0x7fefe2c0000 of 64 bytes failed: Only part of a ReadProcessMemory or WriteProcessMemory request was completed. (0x12B)
[1029/131730.328:WARNING:pe_image_reader.cc(281)] could not read dos header from C:\Windows\system32\SHELL32.dll
[1029/131730.328:ERROR:process_reader_win.cc(242)] ReadMemory at 0x7fef8b40000 of 64 bytes failed: Only part of a ReadProcessMemory or WriteProcessMemory request was completed. (0x12B)
[1029/131730.328:WARNING:pe_image_reader.cc(281)] could not read dos header from C:\Windows\system32\WINMM.dll
[1029/131730.328:ERROR:process_reader_win.cc(242)] ReadMemory at 0x7fefd010000 of 64 bytes failed: Only part of a ReadProcessMemory or WriteProcessMemory request was completed. (0x12B)
[1029/131730.328:WARNING:pe_image_reader.cc(281)] could not read dos header from C:\Windows\system32\profapi.dll
[1029/131730.328:ERROR:process_reader_win.cc(242)] ReadMemory at 0x7fefc360000 of 64 bytes failed: Only part of a ReadProcessMemory or WriteProcessMemory request was completed. (0x12B)
[1029/131730.328:WARNING:pe_image_reader.cc(281)] could not read dos header from C:\Windows\system32\USERENV.dll
[1029/131730.328:ERROR:process_reader_win.cc(242)] ReadMemory at 0x7fefa750000 of 64 bytes failed: Only part of a ReadProcessMemory or WriteProcessMemory request was completed. (0x12B)
[1029/131730.328:WARNING:pe_image_reader.cc(281)] could not read dos header from C:\Windows\system32\webio.dll
[1029/131730.328:ERROR:process_reader_win.cc(242)] ReadMemory at 0x7fefa7c0000 of 64 bytes failed: Only part of a ReadProcessMemory or WriteProcessMemory request was completed. (0x12B)
[1029/131730.328:WARNING:pe_image_reader.cc(281)] could not read dos header from C:\Windows\system32\WINHTTP.dll
[1029/131730.328:ERROR:process_reader_win.cc(242)] ReadMemory at 0x7fefd810000 of 64 bytes failed: Only part of a ReadProcessMemory or WriteProcessMemory request was completed. (0x12B)
[1029/131730.328:WARNING:pe_image_reader.cc(281)] could not read dos header from C:\Windows\system32\MSCTF.dll
[1029/131730.328:ERROR:process_reader_win.cc(242)] ReadMemory at 0x7feff050000 of 64 bytes failed: Only part of a ReadProcessMemory or WriteProcessMemory request was completed. (0x12B)
[1029/131730.328:WARNING:pe_image_reader.cc(281)] could not read dos header from C:\Windows\system32\IMM32.DLL
[1029/131730.328:ERROR:process_reader_win.cc(242)] ReadMemory at 0x7fefd920000 of 64 bytes failed: Only part of a ReadProcessMemory or WriteProcessMemory request was completed. (0x12B)
[1029/131730.328:WARNING:pe_image_reader.cc(281)] could not read dos header from C:\Windows\system32\ole32.dll
[1029/131730.328:ERROR:process_reader_win.cc(242)] ReadMemory at 0x7fefe1e0000 of 64 bytes failed: Only part of a ReadProcessMemory or WriteProcessMemory request was completed. (0x12B)
[1029/131730.328:WARNING:pe_image_reader.cc(281)] could not read dos header from C:\Windows\system32\OLEAUT32.dll
[1029/131730.328:ERROR:process_reader_win.cc(242)] ReadMemory at 0x7fefe010000 of 64 bytes failed: Only part of a ReadProcessMemory or WriteProcessMemory request was completed. (0x12B)
[1029/131730.329:WARNING:pe_image_reader.cc(281)] could not read dos header from C:\Windows\system32\NSI.dll
[1029/131730.329:ERROR:process_reader_win.cc(242)] ReadMemory at 0x7fefe020000 of 64 bytes failed: Only part of a ReadProcessMemory or WriteProcessMemory request was completed. (0x12B)
[1029/131730.329:WARNING:pe_image_reader.cc(281)] could not read dos header from C:\Windows\system32\WS2_32.dll
[1029/131730.329:ERROR:process_reader_win.cc(242)] ReadMemory at 0x7fefd0b0000 of 64 bytes failed: Only part of a ReadProcessMemory or WriteProcessMemory request was completed. (0x12B)
[1029/131730.329:WARNING:pe_image_reader.cc(281)] could not read dos header from C:\Windows\system32\MSASN1.dll
[1029/131730.329:ERROR:process_reader_win.cc(242)] ReadMemory at 0x7fefd0c0000 of 64 bytes failed: Only part of a ReadProcessMemory or WriteProcessMemory request was completed. (0x12B)
[1029/131730.329:WARNING:pe_image_reader.cc(281)] could not read dos header from C:\Windows\system32\CRYPT32.dll
[1029/131730.329:ERROR:process_reader_win.cc(242)] ReadMemory at 0x7fefd230000 of 64 bytes failed: Only part of a ReadProcessMemory or WriteProcessMemory request was completed. (0x12B)
[1029/131730.329:WARNING:pe_image_reader.cc(281)] could not read dos header from C:\Windows\system32\WINTRUST.dll
[1029/131730.329:ERROR:process_reader_win.cc(242)] ReadMemory at 0x7fefb600000 of 64 bytes failed: Only part of a ReadProcessMemory or WriteProcessMemory request was completed. (0x12B)
[1029/131730.329:WARNING:pe_image_reader.cc(281)] could not read dos header from C:\Windows\WinSxS\amd64_microsoft.windows.common-controls_6595b64144ccf1df_6.0.7601.17514_none_fa396087175ac9ac\COMCTL32.dll
[1029/131730.329:ERROR:process_reader_win.cc(242)] ReadMemory at 0x7fefe120000 of 64 bytes failed: Only part of a ReadProcessMemory or WriteProcessMemory request was completed. (0x12B)
[1029/131730.329:WARNING:pe_image_reader.cc(281)] could not read dos header from C:\Windows\system32\COMDLG32.dll
[1029/131730.329:ERROR:process_reader_win.cc(242)] ReadMemory at 0x7fef2060000 of 64 bytes failed: Only part of a ReadProcessMemory or WriteProcessMemory request was completed. (0x12B)
[1029/131730.329:WARNING:pe_image_reader.cc(281)] could not read dos header from C:\Windows\system32\dbghelp.dll
[1029/131730.329:ERROR:process_reader_win.cc(242)] ReadMemory at 0x7fefa4a0000 of 64 bytes failed: Only part of a ReadProcessMemory or WriteProcessMemory request was completed. (0x12B)
[1029/131730.329:WARNING:pe_image_reader.cc(281)] could not read dos header from C:\Windows\system32\WINSPOOL.DRV
[1029/131730.329:ERROR:process_reader_win.cc(242)] ReadMemory at 0x7fefb4b0000 of 64 bytes failed: Only part of a ReadProcessMemory or WriteProcessMemory request was completed. (0x12B)
[1029/131730.329:WARNING:pe_image_reader.cc(281)] could not read dos header from C:\Windows\system32\WINNSI.DLL
[1029/131730.329:ERROR:process_reader_win.cc(242)] ReadMemory at 0x7fefb4c0000 of 64 bytes failed: Only part of a ReadProcessMemory or WriteProcessMemory request was completed. (0x12B)
[1029/131730.329:WARNING:pe_image_reader.cc(281)] could not read dos header from C:\Windows\system32\IPHLPAPI.DLL
[1029/131730.329:ERROR:process_reader_win.cc(242)] ReadMemory at 0x7fefce80000 of 64 bytes failed: Only part of a ReadProcessMemory or WriteProcessMemory request was completed. (0x12B)
[1029/131730.329:WARNING:pe_image_reader.cc(281)] could not read dos header from C:\Windows\system32\Secur32.dll
[1029/131730.329:ERROR:process_reader_win.cc(242)] ReadMemory at 0x7fefceb0000 of 64 bytes failed: Only part of a ReadProcessMemory or WriteProcessMemory request was completed. (0x12B)
[1029/131730.329:WARNING:pe_image_reader.cc(281)] could not read dos header from C:\Windows\system32\SSPICLI.DLL
[1029/131730.329:ERROR:process_reader_win.cc(242)] ReadMemory at 0x7fefd480000 of 64 bytes failed: Only part of a ReadProcessMemory or WriteProcessMemory request was completed. (0x12B)
[1029/131730.329:WARNING:pe_image_reader.cc(281)] could not read dos header from C:\Windows\system32\iertutil.dll
[1029/131730.329:ERROR:process_reader_win.cc(242)] ReadMemory at 0x7fefdee0000 of 64 bytes failed: Only part of a ReadProcessMemory or WriteProcessMemory request was completed. (0x12B)
[1029/131730.329:WARNING:pe_image_reader.cc(281)] could not read dos header from C:\Windows\system32\WININET.dll
[1029/131730.329:ERROR:process_reader_win.cc(242)] ReadMemory at 0x7feff170000 of 64 bytes failed: Only part of a ReadProcessMemory or WriteProcessMemory request was completed. (0x12B)
[1029/131730.330:WARNING:pe_image_reader.cc(281)] could not read dos header from C:\Windows\system32\urlmon.dll
[1029/131730.330:ERROR:process_reader_win.cc(242)] ReadMemory at 0x7fef1be0000 of 64 bytes failed: Only part of a ReadProcessMemory or WriteProcessMemory request was completed. (0x12B)
[1029/131730.330:WARNING:pe_image_reader.cc(281)] could not read dos header from C:\Windows\system32\DWrite.dll
[1029/131730.330:ERROR:process_reader_win.cc(242)] ReadMemory at 0x7fee8970000 of 64 bytes failed: Only part of a ReadProcessMemory or WriteProcessMemory request was completed. (0x12B)
[1029/131730.330:WARNING:pe_image_reader.cc(281)] could not read dos header from C:\Program Files (x86)\Google\Chrome\Application\62.0.3202.75\chrome_child.dll
[1029/131730.330:ERROR:process_reader_win.cc(242)] ReadMemory at 0x7fefcf40000 of 64 bytes failed: Only part of a ReadProcessMemory or WriteProcessMemory request was completed. (0x12B)
[1029/131730.330:WARNING:pe_image_reader.cc(281)] could not read dos header from C:\Windows\system32\cryptbase.dll
[1029/131730.339:ERROR:process_reader_win.cc(242)] ReadMemory at 0x13fae0000 of 64 bytes failed: Only part of a ReadProcessMemory or WriteProcessMemory request was completed. (0x12B)
[1029/131730.339:WARNING:pe_image_reader.cc(281)] could not read dos header from C:\Program Files (x86)\Google\Chrome\Application\chrome.exe
[1029/131730.339:ERROR:process_reader_win.cc(242)] ReadMemory at 0x770c0000 of 64 bytes failed: Only part of a ReadProcessMemory or WriteProcessMemory request was completed. (0x12B)
[1029/131730.339:WARNING:pe_image_reader.cc(281)] could not read dos header from C:\Windows\SYSTEM32\ntdll.dll
[1029/131730.339:ERROR:process_reader_win.cc(242)] ReadMemory at 0x7fefd370000 of 64 bytes failed: Only part of a ReadProcessMemory or WriteProcessMemory request was completed. (0x12B)
[1029/131730.339:WARNING:pe_image_reader.cc(281)] could not read dos header from C:\Windows\system32\KERNELBASE.dll
[1029/131730.339:ERROR:process_reader_win.cc(242)] ReadMemory at 0x76ea0000 of 64 bytes failed: Only part of a ReadProcessMemory or WriteProcessMemory request was completed. (0x12B)
[1029/131730.339:WARNING:pe_image_reader.cc(281)] could not read dos header from C:\Windows\system32\kernel32.dll
[1029/131730.339:ERROR:process_reader_win.cc(242)] ReadMemory at 0x7fefd3e0000 of 64 bytes failed: Only part of a ReadProcessMemory or WriteProcessMemory request was completed. (0x12B)
[1029/131730.339:WARNING:pe_image_reader.cc(281)] could not read dos header from C:\Windows\system32\msvcrt.dll
[1029/131730.339:ERROR:process_reader_win.cc(242)] ReadMemory at 0x7fefc090000 of 64 bytes failed: Only part of a ReadProcessMemory or WriteProcessMemory request was completed. (0x12B)
[1029/131730.339:WARNING:pe_image_reader.cc(281)] could not read dos header from C:\Windows\system32\VERSION.dll
[1029/131730.339:ERROR:process_reader_win.cc(242)] ReadMemory at 0x7fef3300000 of 64 bytes failed: Only part of a ReadProcessMemory or WriteProcessMemory request was completed. (0x12B)
[1029/131730.339:WARNING:pe_image_reader.cc(281)] could not read dos header from C:\Program Files (x86)\Google\Chrome\Application\62.0.3202.75\chrome_elf.dll
[1029/131730.339:ERROR:process_reader_win.cc(242)] ReadMemory at 0x7fefd6e0000 of 64 bytes failed: Only part of a ReadProcessMemory or WriteProcessMemory request was completed. (0x12B)
[1029/131730.339:WARNING:pe_image_reader.cc(281)] could not read dos header from C:\Windows\system32\RPCRT4.dll
[1029/131730.339:ERROR:process_reader_win.cc(242)] ReadMemory at 0x7feff0e0000 of 64 bytes failed: Only part of a ReadProcessMemory or WriteProcessMemory request was completed. (0x12B)
[1029/131730.339:WARNING:pe_image_reader.cc(281)] could not read dos header from C:\Windows\SYSTEM32\sechost.dll
[1029/131730.339:ERROR:process_reader_win.cc(242)] ReadMemory at 0x7feff2f0000 of 64 bytes failed: Only part of a ReadProcessMemory or WriteProcessMemory request was completed. (0x12B)
[1029/131730.339:WARNING:pe_image_reader.cc(281)] could not read dos header from C:\Windows\system32\ADVAPI32.dll
[1029/131730.339:ERROR:process_reader_win.cc(242)] ReadMemory at 0x77280000 of 64 bytes failed: Only part of a ReadProcessMemory or WriteProcessMemory request was completed. (0x12B)
[1029/131730.339:WARNING:pe_image_reader.cc(281)] could not read dos header from C:\Windows\system32\PSAPI.DLL
[1029/131730.339:ERROR:process_reader_win.cc(242)] ReadMemory at 0x4a0000 of 64 bytes failed: Only part of a ReadProcessMemory or WriteProcessMemory request was completed. (0x12B)
[1029/131730.339:WARNING:pe_image_reader.cc(281)] could not read dos header from C:\Windows\system32\USER32.dll
[1029/131730.339:ERROR:process_reader_win.cc(242)] ReadMemory at 0x7fefdbb0000 of 64 bytes failed: Only part of a ReadProcessMemory or WriteProcessMemory request was completed. (0x12B)
[1029/131730.339:WARNING:pe_image_reader.cc(281)] could not read dos header from C:\Windows\system32\USP10.dll
[1029/131730.339:ERROR:process_reader_win.cc(242)] ReadMemory at 0x7fefe070000 of 64 bytes failed: Only part of a ReadProcessMemory or WriteProcessMemory request was completed. (0x12B)
[1029/131730.340:WARNING:pe_image_reader.cc(281)] could not read dos header from C:\Windows\system32\LPK.dll
[1029/131730.340:ERROR:process_reader_win.cc(242)] ReadMemory at 0x7feff100000 of 64 bytes failed: Only part of a ReadProcessMemory or WriteProcessMemory request was completed. (0x12B)
[1029/131730.340:WARNING:pe_image_reader.cc(281)] could not read dos header from C:\Windows\system32\GDI32.dll
[1029/131730.340:ERROR:process_reader_win.cc(242)] ReadMemory at 0x7fefdc80000 of 64 bytes failed: Only part of a ReadProcessMemory or WriteProcessMemory request was completed. (0x12B)
[1029/131730.340:WARNING:pe_image_reader.cc(281)] could not read dos header from C:\Windows\system32\SHLWAPI.dll
[1029/131730.340:ERROR:process_reader_win.cc(242)] ReadMemory at 0x7fefe2c0000 of 64 bytes failed: Only part of a ReadProcessMemory or WriteProcessMemory request was completed. (0x12B)
[1029/131730.340:WARNING:pe_image_reader.cc(281)] could not read dos header from C:\Windows\system32\SHELL32.dll
[1029/131730.340:ERROR:process_reader_win.cc(242)] ReadMemory at 0x7fef8b40000 of 64 bytes failed: Only part of a ReadProcessMemory or WriteProcessMemory request was completed. (0x12B)
[1029/131730.340:WARNING:pe_image_reader.cc(281)] could not read dos header from C:\Windows\system32\WINMM.dll
[1029/131730.340:ERROR:process_reader_win.cc(242)] ReadMemory at 0x7fefd010000 of 64 bytes failed: Only part of a ReadProcessMemory or WriteProcessMemory request was completed. (0x12B)
[1029/131730.340:WARNING:pe_image_reader.cc(281)] could not read dos header from C:\Windows\system32\profapi.dll
[1029/131730.340:ERROR:process_reader_win.cc(242)] ReadMemory at 0x7fefc360000 of 64 bytes failed: Only part of a ReadProcessMemory or WriteProcessMemory request was completed. (0x12B)
[1029/131730.340:WARNING:pe_image_reader.cc(281)] could not read dos header from C:\Windows\system32\USERENV.dll
[1029/131730.340:ERROR:process_reader_win.cc(242)] ReadMemory at 0x7fefa750000 of 64 bytes failed: Only part of a ReadProcessMemory or WriteProcessMemory request was completed. (0x12B)
[1029/131730.340:WARNING:pe_image_reader.cc(281)] could not read dos header from C:\Windows\system32\webio.dll
[1029/131730.340:ERROR:process_reader_win.cc(242)] ReadMemory at 0x7fefa7c0000 of 64 bytes failed: Only part of a ReadProcessMemory or WriteProcessMemory request was completed. (0x12B)
[1029/131730.340:WARNING:pe_image_reader.cc(281)] could not read dos header from C:\Windows\system32\WINHTTP.dll
[1029/131730.340:ERROR:process_reader_win.cc(242)] ReadMemory at 0x7fefd810000 of 64 bytes failed: Only part of a ReadProcessMemory or WriteProcessMemory request was completed. (0x12B)
[1029/131730.340:WARNING:pe_image_reader.cc(281)] could not read dos header from C:\Windows\system32\MSCTF.dll
[1029/131730.340:ERROR:process_reader_win.cc(242)] ReadMemory at 0x7feff050000 of 64 bytes failed: Only part of a ReadProcessMemory or WriteProcessMemory request was completed. (0x12B)
[1029/131730.340:WARNING:pe_image_reader.cc(281)] could not read dos header from C:\Windows\system32\IMM32.DLL
[1029/131730.340:ERROR:process_reader_win.cc(242)] ReadMemory at 0x7fefd920000 of 64 bytes failed: Only part of a ReadProcessMemory or WriteProcessMemory request was completed. (0x12B)
[1029/131730.340:WARNING:pe_image_reader.cc(281)] could not read dos header from C:\Windows\system32\ole32.dll
[1029/131730.340:ERROR:process_reader_win.cc(242)] ReadMemory at 0x7fefe1e0000 of 64 bytes failed: Only part of a ReadProcessMemory or WriteProcessMemory request was completed. (0x12B)
[1029/131730.340:WARNING:pe_image_reader.cc(281)] could not read dos header from C:\Windows\system32\OLEAUT32.dll
[1029/131730.340:ERROR:process_reader_win.cc(242)] ReadMemory at 0x7fefe010000 of 64 bytes failed: Only part of a ReadProcessMemory or WriteProcessMemory request was completed. (0x12B)
[1029/131730.340:WARNING:pe_image_reader.cc(281)] could not read dos header from C:\Windows\system32\NSI.dll
[1029/131730.340:ERROR:process_reader_win.cc(242)] ReadMemory at 0x7fefe020000 of 64 bytes failed: Only part of a ReadProcessMemory or WriteProcessMemory request was completed. (0x12B)
[1029/131730.340:WARNING:pe_image_reader.cc(281)] could not read dos header from C:\Windows\system32\WS2_32.dll
[1029/131730.340:ERROR:process_reader_win.cc(242)] ReadMemory at 0x7fefd0b0000 of 64 bytes failed: Only part of a ReadProcessMemory or WriteProcessMemory request was completed. (0x12B)
[1029/131730.340:WARNING:pe_image_reader.cc(281)] could not read dos header from C:\Windows\system32\MSASN1.dll
[1029/131730.340:ERROR:process_reader_win.cc(242)] ReadMemory at 0x7fefd0c0000 of 64 bytes failed: Only part of a ReadProcessMemory or WriteProcessMemory request was completed. (0x12B)
[1029/131730.340:WARNING:pe_image_reader.cc(281)] could not read dos header from C:\Windows\system32\CRYPT32.dll
[1029/131730.340:ERROR:process_reader_win.cc(242)] ReadMemory at 0x7fefd230000 of 64 bytes failed: Only part of a ReadProcessMemory or WriteProcessMemory request was completed. (0x12B)
[1029/131730.340:WARNING:pe_image_reader.cc(281)] could not read dos header from C:\Windows\system32\WINTRUST.dll
[1029/131730.340:ERROR:process_reader_win.cc(242)] ReadMemory at 0x7fefb600000 of 64 bytes failed: Only part of a ReadProcessMemory or WriteProcessMemory request was completed. (0x12B)
[1029/131730.341:WARNING:pe_image_reader.cc(281)] could not read dos header from C:\Windows\WinSxS\amd64_microsoft.windows.common-controls_6595b64144ccf1df_6.0.7601.17514_none_fa396087175ac9ac\COMCTL32.dll
[1029/131730.341:ERROR:process_reader_win.cc(242)] ReadMemory at 0x7fefe120000 of 64 bytes failed: Only part of a ReadProcessMemory or WriteProcessMemory request was completed. (0x12B)
[1029/131730.341:WARNING:pe_image_reader.cc(281)] could not read dos header from C:\Windows\system32\COMDLG32.dll
[1029/131730.341:ERROR:process_reader_win.cc(242)] ReadMemory at 0x7fef2060000 of 64 bytes failed: Only part of a ReadProcessMemory or WriteProcessMemory request was completed. (0x12B)
[1029/131730.341:WARNING:pe_image_reader.cc(281)] could not read dos header from C:\Windows\system32\dbghelp.dll
[1029/131730.341:ERROR:process_reader_win.cc(242)] ReadMemory at 0x7fefa4a0000 of 64 bytes failed: Only part of a ReadProcessMemory or WriteProcessMemory request was completed. (0x12B)
[1029/131730.341:WARNING:pe_image_reader.cc(281)] could not read dos header from C:\Windows\system32\WINSPOOL.DRV
[1029/131730.341:ERROR:process_reader_win.cc(242)] ReadMemory at 0x7fefb4b0000 of 64 bytes failed: Only part of a ReadProcessMemory or WriteProcessMemory request was completed. (0x12B)
[1029/131730.341:WARNING:pe_image_reader.cc(281)] could not read dos header from C:\Windows\system32\WINNSI.DLL
[1029/131730.341:ERROR:process_reader_win.cc(242)] ReadMemory at 0x7fefb4c0000 of 64 bytes failed: Only part of a ReadProcessMemory or WriteProcessMemory request was completed. (0x12B)
[1029/131730.341:WARNING:pe_image_reader.cc(281)] could not read dos header from C:\Windows\system32\IPHLPAPI.DLL
[1029/131730.341:ERROR:process_reader_win.cc(242)] ReadMemory at 0x7fefce80000 of 64 bytes failed: Only part of a ReadProcessMemory or WriteProcessMemory request was completed. (0x12B)
[1029/131730.341:WARNING:pe_image_reader.cc(281)] could not read dos header from C:\Windows\system32\Secur32.dll
[1029/131730.341:ERROR:process_reader_win.cc(242)] ReadMemory at 0x7fefceb0000 of 64 bytes failed: Only part of a ReadProcessMemory or WriteProcessMemory request was completed. (0x12B)
[1029/131730.341:WARNING:pe_image_reader.cc(281)] could not read dos header from C:\Windows\system32\SSPICLI.DLL
[1029/131730.341:ERROR:process_reader_win.cc(242)] ReadMemory at 0x7fefd480000 of 64 bytes failed: Only part of a ReadProcessMemory or WriteProcessMemory request was completed. (0x12B)
[1029/131730.341:WARNING:pe_image_reader.cc(281)] could not read dos header from C:\Windows\system32\iertutil.dll
[1029/131730.341:ERROR:process_reader_win.cc(242)] ReadMemory at 0x7fefdee0000 of 64 bytes failed: Only part of a ReadProcessMemory or WriteProcessMemory request was completed. (0x12B)
[1029/131730.341:WARNING:pe_image_reader.cc(281)] could not read dos header from C:\Windows\system32\WININET.dll
[1029/131730.341:ERROR:process_reader_win.cc(242)] ReadMemory at 0x7feff170000 of 64 bytes failed: Only part of a ReadProcessMemory or WriteProcessMemory request was completed. (0x12B)
[1029/131730.341:WARNING:pe_image_reader.cc(281)] could not read dos header from C:\Windows\system32\urlmon.dll
[1029/131730.341:ERROR:process_reader_win.cc(242)] ReadMemory at 0x7fef1be0000 of 64 bytes failed: Only part of a ReadProcessMemory or WriteProcessMemory request was completed. (0x12B)
[1029/131730.341:WARNING:pe_image_reader.cc(281)] could not read dos header from C:\Windows\system32\DWrite.dll
[1029/131730.341:ERROR:process_reader_win.cc(242)] ReadMemory at 0x7fee8970000 of 64 bytes failed: Only part of a ReadProcessMemory or WriteProcessMemory request was completed. (0x12B)
[1029/131730.341:WARNING:pe_image_reader.cc(281)] could not read dos header from C:\Program Files (x86)\Google\Chrome\Application\62.0.3202.75\chrome_child.dll
[1029/131730.341:ERROR:process_reader_win.cc(242)] ReadMemory at 0x7fefcf40000 of 64 bytes failed: Only part of a ReadProcessMemory or WriteProcessMemory request was completed. (0x12B)
[1029/131730.341:WARNING:pe_image_reader.cc(281)] could not read dos header from C:\Windows\system32\cryptbase.dll
[1029/131730.438:ERROR:process_reader_win.cc(242)] ReadMemory at 0x2be000 of 73728 bytes failed: Only part of a ReadProcessMemory or WriteProcessMemory request was completed. (0x12B)
[1029/131730.438:ERROR:crash_report_exception_handler.cc(116)] WriteEverything failed
[1029/131730.439:ERROR:scoped_process_suspend.cc(39)] NtResumeProcess: An attempt was made to access an exiting process.  (0xc000010a)
